   INFO > [25/10/2022 10:03:48] : My Node ---> D
   INFO > [25/10/2022 10:03:48] : this.vecinoNotificado={G=false}
   INFO > [25/10/2022 10:03:48] : this.vecinoConectado={G=false}
   INFO > [25/10/2022 10:03:48] : this.vecinoEscuchando={G=false}
   INFO > [25/10/2022 10:03:48] : this.hayCambios=true
   INFO > [25/10/2022 10:03:48] : -------------------------------------------------------------------
   INFO > [25/10/2022 10:03:48] :   |               D               |               G               |
   INFO > [25/10/2022 10:03:48] : -------------------------------------------------------------------
   INFO > [25/10/2022 10:03:48] : D |               0D              |               5G              |
   INFO > [25/10/2022 10:03:48] : -------------------------------------------------------------------
   INFO > [25/10/2022 10:04:03] :  ------------- Monitoreo ------------- 
   INFO > [25/10/2022 10:04:03] : Notificados {G=true}
   INFO > [25/10/2022 10:04:03] : Conectados {D=true, G=false}
   INFO > [25/10/2022 10:04:03] : Escuchando {D=true, G=false}
   INFO > [25/10/2022 10:04:03] : Cambios en el Distance Vector false
   INFO > [25/10/2022 10:04:03] : -------------------------------------------------------------------
   INFO > [25/10/2022 10:04:03] :   |               D               |               G               |
   INFO > [25/10/2022 10:04:03] : -------------------------------------------------------------------
   INFO > [25/10/2022 10:04:03] : D |               0D              |               5G              |
   INFO > [25/10/2022 10:04:03] : -------------------------------------------------------------------
   INFO > [25/10/2022 10:04:18] :  ------------- Monitoreo ------------- 
   INFO > [25/10/2022 10:04:18] : Notificados {G=true}
   INFO > [25/10/2022 10:04:18] : Conectados {D=true, G=false}
   INFO > [25/10/2022 10:04:18] : Escuchando {D=true, G=false}
   INFO > [25/10/2022 10:04:18] : Cambios en el Distance Vector false
   INFO > [25/10/2022 10:04:18] : -------------------------------------------------------------------
   INFO > [25/10/2022 10:04:18] :   |               D               |               G               |
   INFO > [25/10/2022 10:04:18] : -------------------------------------------------------------------
   INFO > [25/10/2022 10:04:18] : D |               0D              |               5G              |
   INFO > [25/10/2022 10:04:18] : -------------------------------------------------------------------
   INFO > [25/10/2022 10:04:33] :  ------------- Monitoreo ------------- 
   INFO > [25/10/2022 10:04:33] : Notificados {G=true}
   INFO > [25/10/2022 10:04:33] : Conectados {D=true, G=false}
   INFO > [25/10/2022 10:04:33] : Escuchando {D=true, G=false}
   INFO > [25/10/2022 10:04:33] : Cambios en el Distance Vector false
   INFO > [25/10/2022 10:04:33] : -------------------------------------------------------------------
   INFO > [25/10/2022 10:04:33] :   |               D               |               G               |
   INFO > [25/10/2022 10:04:33] : -------------------------------------------------------------------
   INFO > [25/10/2022 10:04:33] : D |               0D              |               5G              |
   INFO > [25/10/2022 10:04:33] : -------------------------------------------------------------------
   INFO > [25/10/2022 10:04:48] :  ------------- Monitoreo ------------- 
   INFO > [25/10/2022 10:04:48] : Notificados {G=true}
   INFO > [25/10/2022 10:04:48] : Conectados {D=true, G=false}
   INFO > [25/10/2022 10:04:48] : Escuchando {D=true, G=false}
   INFO > [25/10/2022 10:04:48] : Cambios en el Distance Vector false
   INFO > [25/10/2022 10:04:48] : -------------------------------------------------------------------
   INFO > [25/10/2022 10:04:48] :   |               D               |               G               |
   INFO > [25/10/2022 10:04:48] : -------------------------------------------------------------------
   INFO > [25/10/2022 10:04:48] : D |               0D              |               5G              |
   INFO > [25/10/2022 10:04:48] : -------------------------------------------------------------------
   INFO > [25/10/2022 10:05:03] :  ------------- Monitoreo ------------- 
   INFO > [25/10/2022 10:05:03] : Notificados {G=true}
   INFO > [25/10/2022 10:05:03] : Conectados {D=true, G=false}
   INFO > [25/10/2022 10:05:03] : Escuchando {D=true, G=false}
   INFO > [25/10/2022 10:05:03] : Cambios en el Distance Vector false
   INFO > [25/10/2022 10:05:03] : -------------------------------------------------------------------
   INFO > [25/10/2022 10:05:03] :   |               D               |               G               |
   INFO > [25/10/2022 10:05:03] : -------------------------------------------------------------------
   INFO > [25/10/2022 10:05:03] : D |               0D              |               5G              |
   INFO > [25/10/2022 10:05:03] : -------------------------------------------------------------------
   INFO > [25/10/2022 10:05:18] :  ------------- Monitoreo ------------- 
   INFO > [25/10/2022 10:05:18] : Notificados {G=true}
   INFO > [25/10/2022 10:05:18] : Conectados {D=true, G=false}
   INFO > [25/10/2022 10:05:18] : Escuchando {D=true, G=false}
   INFO > [25/10/2022 10:05:18] : Cambios en el Distance Vector false
   INFO > [25/10/2022 10:05:18] : -------------------------------------------------------------------
   INFO > [25/10/2022 10:05:18] :   |               D               |               G               |
   INFO > [25/10/2022 10:05:18] : -------------------------------------------------------------------
   INFO > [25/10/2022 10:05:18] : D |               0D              |               5G              |
   INFO > [25/10/2022 10:05:18] : -------------------------------------------------------------------
   INFO > [25/10/2022 10:05:33] :  ------------- Monitoreo ------------- 
   INFO > [25/10/2022 10:05:33] : Notificados {G=true}
   INFO > [25/10/2022 10:05:33] : Conectados {D=true, G=false}
   INFO > [25/10/2022 10:05:33] : Escuchando {D=true, G=false}
   INFO > [25/10/2022 10:05:33] : Cambios en el Distance Vector false
   INFO > [25/10/2022 10:05:33] : -------------------------------------------------------------------
   INFO > [25/10/2022 10:05:33] :   |               D               |               G               |
   INFO > [25/10/2022 10:05:33] : -------------------------------------------------------------------
   INFO > [25/10/2022 10:05:33] : D |               0D              |               5G              |
   INFO > [25/10/2022 10:05:33] : -------------------------------------------------------------------
   INFO > [25/10/2022 10:05:48] :  ------------- Monitoreo ------------- 
   INFO > [25/10/2022 10:05:48] : Notificados {G=true}
   INFO > [25/10/2022 10:05:48] : Conectados {D=true, G=false}
   INFO > [25/10/2022 10:05:48] : Escuchando {D=true, G=false}
   INFO > [25/10/2022 10:05:48] : Cambios en el Distance Vector false
   INFO > [25/10/2022 10:05:48] : -------------------------------------------------------------------
   INFO > [25/10/2022 10:05:48] :   |               D               |               G               |
   INFO > [25/10/2022 10:05:48] : -------------------------------------------------------------------
   INFO > [25/10/2022 10:05:48] : D |               0D              |               5G              |
   INFO > [25/10/2022 10:05:48] : -------------------------------------------------------------------
